d:\abrar\windows\ide\02-helloworld\helloworld.cpp\debug\helloworld.cpp.pch.codeanalysis
d:\abrar\windows\ide\02-helloworld\helloworld.cpp\debug\vc141.pdb
d:\abrar\windows\ide\02-helloworld\helloworld.cpp\debug\vc141.idb
d:\abrar\windows\ide\02-helloworld\helloworld.cpp\debug\helloworld.cpp.pch.codeanalysisast
d:\abrar\windows\ide\02-helloworld\helloworld.cpp\debug\stdafx.nativecodeanalysis.xml
d:\abrar\windows\ide\02-helloworld\helloworld.cpp\debug\stdafx.obj
d:\abrar\windows\ide\02-helloworld\helloworld.cpp\debug\helloworld.cpp.nativecodeanalysis.xml
d:\abrar\windows\ide\02-helloworld\helloworld.cpp\debug\helloworld.cpp.obj
d:\abrar\windows\ide\02-helloworld\helloworld.cpp\debug\helloworld.cpp.ilk
d:\abrar\windows\ide\02-helloworld\helloworld.cpp\debug\helloworld.cpp.exe
d:\abrar\windows\ide\02-helloworld\helloworld.cpp\debug\helloworld.cpp.pdb
d:\abrar\windows\ide\02-helloworld\helloworld.cpp\debug\helloworld.cpp.res
d:\abrar\windows\ide\02-helloworld\helloworld.cpp\debug\nativecodeanalysis.read.1.tlog
d:\abrar\windows\ide\02-helloworld\helloworld.cpp\debug\vc.nativecodeanalysis.all.xml
d:\abrar\windows\ide\02-helloworld\helloworld.cpp\debug\helloworld.cpp.exe.lastcodeanalysissucceeded
d:\abrar\windows\ide\02-helloworld\helloworld.cpp\debug\helloworld.cpp.tlog\cl.command.1.tlog
d:\abrar\windows\ide\02-helloworld\helloworld.cpp\debug\helloworld.cpp.tlog\cl.read.1.tlog
d:\abrar\windows\ide\02-helloworld\helloworld.cpp\debug\helloworld.cpp.tlog\cl.write.1.tlog
d:\abrar\windows\ide\02-helloworld\helloworld.cpp\debug\helloworld.cpp.tlog\link.command.1.tlog
d:\abrar\windows\ide\02-helloworld\helloworld.cpp\debug\helloworld.cpp.tlog\link.read.1.tlog
d:\abrar\windows\ide\02-helloworld\helloworld.cpp\debug\helloworld.cpp.tlog\link.write.1.tlog
d:\abrar\windows\ide\02-helloworld\helloworld.cpp\debug\helloworld.cpp.tlog\rc.command.1.tlog
d:\abrar\windows\ide\02-helloworld\helloworld.cpp\debug\helloworld.cpp.tlog\rc.read.1.tlog
d:\abrar\windows\ide\02-helloworld\helloworld.cpp\debug\helloworld.cpp.tlog\rc.write.1.tlog
